<?xml version="1.0" encoding="UTF-8"?>
<!-- Generated by org.testng.reporters.JUnitReportReporter -->
<testsuite hostname="Prudhvirajs-MacBook-Air.local" failures="0" tests="1" name="CoreJavaPractice.PS1" time="0.006" errors="0" timestamp="2024-01-18T23:37:53 EST" skipped="0">
  <testcase classname="CoreJavaPractice.PS1" name="testRun" time="0.006"/>
  <system-out/>
</testsuite> <!-- CoreJavaPractice.PS1 -->
